# JRE version: Java(TM) SE Runtime Environment (8.0_11-b12) (build 1.8.0_11-b12)
# Java VM: Java HotSpot(TM) 64-Bit Server VM (25.11-b03 mixed mode windows-amd64 compressed oops)
Heap:
 PSYoungGen      total 10752K, used 5456K [0x000000076b700000, 0x000000076c980000, 0x00000007c0000000)
  eden space 10240K, 49% used [0x000000076b700000,0x000000076bbfff90,0x000000076c100000)
  from space 512K, 65% used [0x000000076c600000,0x000000076c654230,0x000000076c680000)
  to   space 2048K, 0% used [0x000000076c780000,0x000000076c780000,0x000000076c980000)
 ParOldGen       total 258560K, used 5408K [0x00000006c2400000, 0x00000006d2080000, 0x000000076b700000)
  object space 258560K, 2% used [0x00000006c2400000,0x00000006c2948080,0x00000006d2080000)
 Metaspace       used 13333K, capacity 13504K, committed 13824K, reserved 1060864K
  class space    used 1425K, capacity 1498K, committed 1536K, reserved 1048576K
GC Heap History (10 events):
Event: 1.088 GC heap before
{Heap before GC invocations=11 (full 0):
 PSYoungGen      total 7168K, used 7168K [0x000000076b700000, 0x000000076c080000, 0x00000007c0000000)
  eden space 6144K, 100% used [0x000000076b700000,0x000000076bd00000,0x000000076bd00000)
  from space 1024K, 100% used [0x000000076be80000,0x000000076bf80000,0x000000076bf80000)
  to   space 1536K, 0% used [0x000000076bd00000,0x000000076bd00000,0x000000076be80000)
 ParOldGen       total 258560K, used 1893K [0x00000006c2400000, 0x00000006d2080000, 0x000000076b700000)
  object space 258560K, 0% used [0x00000006c2400000,0x00000006c25d96f8,0x00000006d2080000)
 Metaspace       used 8725K, capacity 8868K, committed 9088K, reserved 1056768K
  class space    used 1010K, capacity 1088K, committed 1152K, reserved 1048576K
Event: 1.090 GC heap after
Heap after GC invocations=11 (full 0):
 PSYoungGen      total 7680K, used 1128K [0x000000076b700000, 0x000000076c400000, 0x00000007c0000000)
  eden space 6144K, 0% used [0x000000076b700000,0x000000076b700000,0x000000076bd00000)
  from space 1536K, 73% used [0x000000076bd00000,0x000000076be1a0e8,0x000000076be80000)
  to   space 1536K, 0% used [0x000000076c280000,0x000000076c280000,0x000000076c400000)
 ParOldGen       total 258560K, used 2961K [0x00000006c2400000, 0x00000006d2080000, 0x000000076b700000)
  object space 258560K, 1% used [0x00000006c2400000,0x00000006c26e4708,0x00000006d2080000)
 Metaspace       used 8725K, capacity 8868K, committed 9088K, reserved 1056768K
  class space    used 1010K, capacity 1088K, committed 1152K, reserved 1048576K
}
Event: 1.237 GC heap before
{Heap before GC invocations=12 (full 0):
 PSYoungGen      total 7680K, used 7272K [0x000000076b700000, 0x000000076c400000, 0x00000007c0000000)
  eden space 6144K, 100% used [0x000000076b700000,0x000000076bd00000,0x000000076bd00000)
  from space 1536K, 73% used [0x000000076bd00000,0x000000076be1a0e8,0x000000076be80000)
  to   space 1536K, 0% used [0x000000076c280000,0x000000076c280000,0x000000076c400000)
 ParOldGen       total 258560K, used 2961K [0x00000006c2400000, 0x00000006d2080000, 0x000000076b700000)
  object space 258560K, 1% used [0x00000006c2400000,0x00000006c26e4708,0x00000006d2080000)
 Metaspace       used 9976K, capacity 10180K, committed 10496K, reserved 1058816K
  class space    used 1124K, capacity 1184K, committed 1280K, reserved 1048576K
Event: 1.239 GC heap after
Heap after GC invocations=12 (full 0):
 PSYoungGen      total 11776K, used 1049K [0x000000076b700000, 0x000000076c400000, 0x00000007c0000000)
  eden space 10240K, 0% used [0x000000076b700000,0x000000076b700000,0x000000076c100000)
  from space 1536K, 68% used [0x000000076c280000,0x000000076c386450,0x000000076c400000)
  to   space 1536K, 0% used [0x000000076c100000,0x000000076c100000,0x000000076c280000)
 ParOldGen       total 258560K, used 3582K [0x00000006c2400000, 0x00000006d2080000, 0x000000076b700000)
  object space 258560K, 1% used [0x00000006c2400000,0x00000006c277fa60,0x00000006d2080000)
 Metaspace       used 9976K, capacity 10180K, committed 10496K, reserved 1058816K
  class space    used 1124K, capacity 1184K, committed 1280K, reserved 1048576K
}
Event: 2.693 GC heap before
{Heap before GC invocations=13 (full 0):
 PSYoungGen      total 11776K, used 11289K [0x000000076b700000, 0x000000076c400000, 0x00000007c0000000)
  eden space 10240K, 100% used [0x000000076b700000,0x000000076c100000,0x000000076c100000)
  from space 1536K, 68% used [0x000000076c280000,0x000000076c386450,0x000000076c400000)
  to   space 1536K, 0% used [0x000000076c100000,0x000000076c100000,0x000000076c280000)
 ParOldGen       total 258560K, used 3582K [0x00000006c2400000, 0x00000006d2080000, 0x000000076b700000)
  object space 258560K, 1% used [0x00000006c2400000,0x00000006c277fa60,0x00000006d2080000)
 Metaspace       used 12293K, capacity 12526K, committed 12800K, reserved 1060864K
  class space    used 1372K, capacity 1431K, committed 1536K, reserved 1048576K
Event: 2.698 GC heap after
Heap after GC invocations=13 (full 0):
 PSYoungGen      total 11776K, used 1506K [0x000000076b700000, 0x000000076cb00000, 0x00000007c0000000)
  eden space 10240K, 0% used [0x000000076b700000,0x000000076b700000,0x000000076c100000)
  from space 1536K, 98% used [0x000000076c100000,0x000000076c278a70,0x000000076c280000)
  to   space 2048K, 0% used [0x000000076c900000,0x000000076c900000,0x000000076cb00000)
 ParOldGen       total 258560K, used 4633K [0x00000006c2400000, 0x00000006d2080000, 0x000000076b700000)
  object space 258560K, 1% used [0x00000006c2400000,0x00000006c2886790,0x00000006d2080000)
 Metaspace       used 12293K, capacity 12526K, committed 12800K, reserved 1060864K
  class space    used 1372K, capacity 1431K, committed 1536K, reserved 1048576K
}
Event: 3806.527 GC heap before
{Heap before GC invocations=14 (full 0):
 PSYoungGen      total 11776K, used 11746K [0x000000076b700000, 0x000000076cb00000, 0x00000007c0000000)
  eden space 10240K, 100% used [0x000000076b700000,0x000000076c100000,0x000000076c100000)
  from space 1536K, 98% used [0x000000076c100000,0x000000076c278a70,0x000000076c280000)
  to   space 2048K, 0% used [0x000000076c900000,0x000000076c900000,0x000000076cb00000)
 ParOldGen       total 258560K, used 4633K [0x00000006c2400000, 0x00000006d2080000, 0x000000076b700000)
  object space 258560K, 1% used [0x00000006c2400000,0x00000006c2886790,0x00000006d2080000)
 Metaspace       used 13009K, capacity 13204K, committed 13568K, reserved 1060864K
  class space    used 1423K, capacity 1464K, committed 1536K, reserved 1048576K
Event: 3806.531 GC heap after
Heap after GC invocations=14 (full 0):
 PSYoungGen      total 11264K, used 866K [0x000000076b700000, 0x000000076ca00000, 0x00000007c0000000)
  eden space 10240K, 0% used [0x000000076b700000,0x000000076b700000,0x000000076c100000)
  from space 1024K, 84% used [0x000000076c900000,0x000000076c9d88d0,0x000000076ca00000)
  to   space 2048K, 0% used [0x000000076c600000,0x000000076c600000,0x000000076c800000)
 ParOldGen       total 258560K, used 5261K [0x00000006c2400000, 0x00000006d2080000, 0x000000076b700000)
  object space 258560K, 2% used [0x00000006c2400000,0x00000006c2923410,0x00000006d2080000)
 Metaspace       used 13009K, capacity 13204K, committed 13568K, reserved 1060864K
  class space    used 1423K, capacity 1464K, committed 1536K, reserved 1048576K
}
Event: 9709.100 GC heap before
{Heap before GC invocations=15 (full 0):
 PSYoungGen      total 11264K, used 11106K [0x000000076b700000, 0x000000076ca00000, 0x00000007c0000000)
  eden space 10240K, 100% used [0x000000076b700000,0x000000076c100000,0x000000076c100000)
  from space 1024K, 84% used [0x000000076c900000,0x000000076c9d88d0,0x000000076ca00000)
  to   space 2048K, 0% used [0x000000076c600000,0x000000076c600000,0x000000076c800000)
 ParOldGen       total 258560K, used 5261K [0x00000006c2400000, 0x00000006d2080000, 0x000000076b700000)
  object space 258560K, 2% used [0x00000006c2400000,0x00000006c2923410,0x00000006d2080000)
 Metaspace       used 13215K, capacity 13408K, committed 13568K, reserved 1060864K
  class space    used 1425K, capacity 1466K, committed 1536K, reserved 1048576K
Event: 9709.105 GC heap after
Heap after GC invocations=15 (full 0):
 PSYoungGen      total 10752K, used 336K [0x000000076b700000, 0x000000076c980000, 0x00000007c0000000)
  eden space 10240K, 0% used [0x000000076b700000,0x000000076b700000,0x000000076c100000)
  from space 512K, 65% used [0x000000076c600000,0x000000076c654230,0x000000076c680000)
  to   space 2048K, 0% used [0x000000076c780000,0x000000076c780000,0x000000076c980000)
 ParOldGen       total 258560K, used 5408K [0x00000006c2400000, 0x00000006d2080000, 0x000000076b700000)
  object space 258560K, 2% used [0x00000006c2400000,0x00000006c2948080,0x00000006d2080000)
 Metaspace       used 13215K, capacity 13408K, committed 13568K, reserved 1060864K
  class space    used 1425K, capacity 1466K, committed 1536K, reserved 1048576K
}

