# JRE version: Java(TM) SE Runtime Environment (8.0_11-b12) (build 1.8.0_11-b12)
# Java VM: Java HotSpot(TM) 64-Bit Server VM (25.11-b03 mixed mode windows-amd64 compressed oops)
Heap:
 PSYoungGen      total 19456K, used 546K [0x000000076b700000, 0x000000076cc00000, 0x00000007c0000000)
  eden space 17408K, 0% used [0x000000076b700000,0x000000076b700000,0x000000076c800000)
  from space 2048K, 26% used [0x000000076ca00000,0x000000076ca888c0,0x000000076cc00000)
  to   space 2048K, 0% used [0x000000076c800000,0x000000076c800000,0x000000076ca00000)
 ParOldGen       total 258560K, used 4881K [0x00000006c2400000, 0x00000006d2080000, 0x000000076b700000)
  object space 258560K, 1% used [0x00000006c2400000,0x00000006c28c46c0,0x00000006d2080000)
 Metaspace       used 12503K, capacity 12666K, committed 12800K, reserved 1064960K
  class space    used 1422K, capacity 1495K, committed 1536K, reserved 1048576K
GC Heap History (10 events):
Event: 0.520 GC heap before
{Heap before GC invocations=9 (full 0):
 PSYoungGen      total 5120K, used 4704K [0x000000076b700000, 0x000000076bd00000, 0x00000007c0000000)
  eden space 4096K, 100% used [0x000000076b700000,0x000000076bb00000,0x000000076bb00000)
  from space 1024K, 59% used [0x000000076bc00000,0x000000076bc98000,0x000000076bd00000)
  to   space 1024K, 0% used [0x000000076bb00000,0x000000076bb00000,0x000000076bc00000)
 ParOldGen       total 258560K, used 1249K [0x00000006c2400000, 0x00000006d2080000, 0x000000076b700000)
  object space 258560K, 0% used [0x00000006c2400000,0x00000006c2538690,0x00000006d2080000)
 Metaspace       used 5817K, capacity 5952K, committed 6144K, reserved 1056768K
  class space    used 697K, capacity 723K, committed 768K, reserved 1048576K
Event: 0.522 GC heap after
Heap after GC invocations=9 (full 0):
 PSYoungGen      total 5120K, used 881K [0x000000076b700000, 0x000000076bf80000, 0x00000007c0000000)
  eden space 4096K, 0% used [0x000000076b700000,0x000000076b700000,0x000000076bb00000)
  from space 1024K, 86% used [0x000000076bb00000,0x000000076bbdc7b8,0x000000076bc00000)
  to   space 1024K, 0% used [0x000000076be80000,0x000000076be80000,0x000000076bf80000)
 ParOldGen       total 258560K, used 1385K [0x00000006c2400000, 0x00000006d2080000, 0x000000076b700000)
  object space 258560K, 0% used [0x00000006c2400000,0x00000006c255a6a0,0x00000006d2080000)
 Metaspace       used 5817K, capacity 5952K, committed 6144K, reserved 1056768K
  class space    used 697K, capacity 723K, committed 768K, reserved 1048576K
}
Event: 0.619 GC heap before
{Heap before GC invocations=10 (full 0):
 PSYoungGen      total 5120K, used 4977K [0x000000076b700000, 0x000000076bf80000, 0x00000007c0000000)
  eden space 4096K, 100% used [0x000000076b700000,0x000000076bb00000,0x000000076bb00000)
  from space 1024K, 86% used [0x000000076bb00000,0x000000076bbdc7b8,0x000000076bc00000)
  to   space 1024K, 0% used [0x000000076be80000,0x000000076be80000,0x000000076bf80000)
 ParOldGen       total 258560K, used 1385K [0x00000006c2400000, 0x00000006d2080000, 0x000000076b700000)
  object space 258560K, 0% used [0x00000006c2400000,0x00000006c255a6a0,0x00000006d2080000)
 Metaspace       used 6981K, capacity 7192K, committed 7296K, reserved 1056768K
  class space    used 819K, capacity 864K, committed 896K, reserved 1048576K
Event: 0.621 GC heap after
Heap after GC invocations=10 (full 0):
 PSYoungGen      total 7680K, used 890K [0x000000076b700000, 0x000000076bf80000, 0x00000007c0000000)
  eden space 6656K, 0% used [0x000000076b700000,0x000000076b700000,0x000000076bd80000)
  from space 1024K, 87% used [0x000000076be80000,0x000000076bf5ebd8,0x000000076bf80000)
  to   space 1024K, 0% used [0x000000076bd80000,0x000000076bd80000,0x000000076be80000)
 ParOldGen       total 258560K, used 1649K [0x00000006c2400000, 0x00000006d2080000, 0x000000076b700000)
  object space 258560K, 0% used [0x00000006c2400000,0x00000006c259c6a0,0x00000006d2080000)
 Metaspace       used 6981K, capacity 7192K, committed 7296K, reserved 1056768K
  class space    used 819K, capacity 864K, committed 896K, reserved 1048576K
}
Event: 0.746 GC heap before
{Heap before GC invocations=11 (full 0):
 PSYoungGen      total 7680K, used 7533K [0x000000076b700000, 0x000000076bf80000, 0x00000007c0000000)
  eden space 6656K, 99% used [0x000000076b700000,0x000000076bd7c988,0x000000076bd80000)
  from space 1024K, 87% used [0x000000076be80000,0x000000076bf5ebd8,0x000000076bf80000)
  to   space 1024K, 0% used [0x000000076bd80000,0x000000076bd80000,0x000000076be80000)
 ParOldGen       total 258560K, used 1649K [0x00000006c2400000, 0x00000006d2080000, 0x000000076b700000)
  object space 258560K, 0% used [0x00000006c2400000,0x00000006c259c6a0,0x00000006d2080000)
 Metaspace       used 8643K, capacity 8810K, committed 9088K, reserved 1056768K
  class space    used 1006K, capacity 1087K, committed 1152K, reserved 1048576K
Event: 0.748 GC heap after
Heap after GC invocations=11 (full 0):
 PSYoungGen      total 7680K, used 1006K [0x000000076b700000, 0x000000076c480000, 0x00000007c0000000)
  eden space 6656K, 0% used [0x000000076b700000,0x000000076b700000,0x000000076bd80000)
  from space 1024K, 98% used [0x000000076bd80000,0x000000076be7bba8,0x000000076be80000)
  to   space 1536K, 0% used [0x000000076c300000,0x000000076c300000,0x000000076c480000)
 ParOldGen       total 258560K, used 2462K [0x00000006c2400000, 0x00000006d2080000, 0x000000076b700000)
  object space 258560K, 0% used [0x00000006c2400000,0x00000006c26679c8,0x00000006d2080000)
 Metaspace       used 8643K, capacity 8810K, committed 9088K, reserved 1056768K
  class space    used 1006K, capacity 1087K, committed 1152K, reserved 1048576K
}
Event: 1.060 GC heap before
{Heap before GC invocations=12 (full 0):
 PSYoungGen      total 7680K, used 7662K [0x000000076b700000, 0x000000076c480000, 0x00000007c0000000)
  eden space 6656K, 100% used [0x000000076b700000,0x000000076bd80000,0x000000076bd80000)
  from space 1024K, 98% used [0x000000076bd80000,0x000000076be7bba8,0x000000076be80000)
  to   space 1536K, 0% used [0x000000076c300000,0x000000076c300000,0x000000076c480000)
 ParOldGen       total 258560K, used 2462K [0x00000006c2400000, 0x00000006d2080000, 0x000000076b700000)
  object space 258560K, 0% used [0x00000006c2400000,0x00000006c26679c8,0x00000006d2080000)
 Metaspace       used 9895K, capacity 10102K, committed 10240K, reserved 1058816K
  class space    used 1157K, capacity 1217K, committed 1280K, reserved 1048576K
Event: 1.062 GC heap after
Heap after GC invocations=12 (full 0):
 PSYoungGen      total 12288K, used 1070K [0x000000076b700000, 0x000000076c480000, 0x00000007c0000000)
  eden space 10752K, 0% used [0x000000076b700000,0x000000076b700000,0x000000076c180000)
  from space 1536K, 69% used [0x000000076c300000,0x000000076c40ba38,0x000000076c480000)
  to   space 1536K, 0% used [0x000000076c180000,0x000000076c180000,0x000000076c300000)
 ParOldGen       total 258560K, used 3453K [0x00000006c2400000, 0x00000006d2080000, 0x000000076b700000)
  object space 258560K, 1% used [0x00000006c2400000,0x00000006c275f750,0x00000006d2080000)
 Metaspace       used 9895K, capacity 10102K, committed 10240K, reserved 1058816K
  class space    used 1157K, capacity 1217K, committed 1280K, reserved 1048576K
}
Event: 1.293 GC heap before
{Heap before GC invocations=13 (full 0):
 PSYoungGen      total 12288K, used 11822K [0x000000076b700000, 0x000000076c480000, 0x00000007c0000000)
  eden space 10752K, 100% used [0x000000076b700000,0x000000076c180000,0x000000076c180000)
  from space 1536K, 69% used [0x000000076c300000,0x000000076c40ba38,0x000000076c480000)
  to   space 1536K, 0% used [0x000000076c180000,0x000000076c180000,0x000000076c300000)
 ParOldGen       total 258560K, used 3453K [0x00000006c2400000, 0x00000006d2080000, 0x000000076b700000)
  object space 258560K, 1% used [0x00000006c2400000,0x00000006c275f750,0x00000006d2080000)
 Metaspace       used 11817K, capacity 12014K, committed 12288K, reserved 1060864K
  class space    used 1356K, capacity 1429K, committed 1536K, reserved 1048576K
Event: 1.296 GC heap after
Heap after GC invocations=13 (full 0):
 PSYoungGen      total 12288K, used 1535K [0x000000076b700000, 0x000000076cc00000, 0x00000007c0000000)
  eden space 10752K, 0% used [0x000000076b700000,0x000000076b700000,0x000000076c180000)
  from space 1536K, 99% used [0x000000076c180000,0x000000076c2ffe48,0x000000076c300000)
  to   space 2048K, 0% used [0x000000076ca00000,0x000000076ca00000,0x000000076cc00000)
 ParOldGen       total 258560K, used 4407K [0x00000006c2400000, 0x00000006d2080000, 0x000000076b700000)
  object space 258560K, 1% used [0x00000006c2400000,0x00000006c284dd70,0x00000006d2080000)
 Metaspace       used 11817K, capacity 12014K, committed 12288K, reserved 1060864K
  class space    used 1356K, capacity 1429K, committed 1536K, reserved 1048576K
}

